2025-03-18 13:42:11.291547 - rocketbot - INFO - request: busqueda_suplementos_deportivos : line 1 - rpascripts : module  id: 62c49c3f-df56-5c29-3e76-426e9455df97 -  - {"module_name":"ControlIni","module":"leerIni","content":"C:/Users/Ignacio/RocketbotProjects/main/resources/config.ini","variable":"{esperar}"}
2025-03-18 13:42:11.295146 - rocketbot - INFO - request: busqueda_suplementos_deportivos : line 2 - rpalogic : evaluateIf  id: 13a555d8-de5f-aa20-2a5d-15482cb3f2ac -  - {esperar}
2025-03-18 13:42:11.296391 - rocketbot - INFO - request: busqueda_suplementos_deportivos : line 2.1 - rpascripts : module  id: a3e1dbf7-b0b9-88ee-ed0a-1ee2bd9e1301 -  - {"module_name":"ControlIni","module":"obtenerDato","idseccion":"paths","iddato":"path_res","idvar":"path_res"}
2025-03-18 13:42:11.301991 - rocketbot - INFO - request: busqueda_suplementos_deportivos : line 2.2 - rpascripts : module  id: a4b7dca2-cf19-f6a5-6884-23136ab3a805 -  - {"module_name":"ControlIni","module":"obtenerDato","idseccion":"paths","iddato":"path_main","idvar":"path_main"}
2025-03-18 13:42:11.304335 - rocketbot - INFO - request: busqueda_suplementos_deportivos : line 2.3 - rpascripts : module  id: cc35231b-b7cb-a531-5214-8adda0f6fd56 -  - {"module_name":"ControlIni","module":"obtenerDato","idseccion":"paths","iddato":"path_file","idvar":"path_file"}
2025-03-18 13:42:11.306804 - rocketbot - INFO - request: busqueda_suplementos_deportivos : line 3 - rpaweb : openbrowser  id: d5eb12a5-fc9e-5153-e1f8-74fe498e9746 - chrome - {"url":"https://www.mercadolibre.com.ar","id_driver":"","profile":""}
2025-03-18 13:42:13.256753 - rocketbot - INFO - request: busqueda_suplementos_deportivos : line 4 - rpaweb : waitforobject  id: 242193a1-2c2c-e968-6c3d-313cd131fb97 - xpath - {"object":"/html/body/header/div/div[2]/form/input","wait_time":"10","wait_for":"visible","before":"","after":""}
2025-03-18 13:42:13.284135 - rocketbot - INFO - request: busqueda_suplementos_deportivos : line 5 - rpalogic : evaluateIf  id: c0929c93-59d8-0883-9b7c-9b811966dba6 -  - {esperar}
2025-03-18 13:42:13.285282 - rocketbot - INFO - request: busqueda_suplementos_deportivos : line 5.1 - rpaweb : click_web  id: 880e1f97-d6aa-ae0e-6f75-9f546f93a684 -  - {"data":"/html/body/header/div/div[2]/form/input","data_type":"xpath"}
2025-03-18 13:42:13.398701 - rocketbot - INFO - request: busqueda_suplementos_deportivos : line 5.2 - rpasystem : setVar  id: 146120c3-7a18-babc-da85-36d184b6ffba -  - 'whey protein'
2025-03-18 13:42:13.399791 - rocketbot - INFO - request: busqueda_suplementos_deportivos : line 5.3 - rpaweb : sendkey_web  id: a9fe34d5-3c25-fcbc-9736-cc3b327a6bf9 -  - {"text":"{producto}"}
2025-03-18 13:42:13.431734 - rocketbot - INFO - request: busqueda_suplementos_deportivos : line 5.4 - rpaweb : sendkey_web  id: c907eeed-6e30-f03e-e0b7-b116f6264b4a -  - {"special":"ENTER"}
2025-03-18 13:42:14.755811 - rocketbot - INFO - request: busqueda_suplementos_deportivos : line 5.5 - rpaweb : waitforobject  id: 714f1136-e133-d7ef-bfa5-a74beeab31d2 - xpath - {"object":"/html/body/main/div/div[2]/aside/div[1]/h1","wait_time":"10","wait_for":"visible","before":"","after":""}
2025-03-18 13:42:14.824843 - rocketbot - INFO - request: busqueda_suplementos_deportivos : line 5.6 - rpalogic : evaluateIf  id: fc5f19b8-5a2c-fa0e-bb66-d3828bef6ba2 -  - {esperar}
2025-03-18 13:42:14.825934 - rocketbot - INFO - request: busqueda_suplementos_deportivos : line 5.6.1 - rpalogic : trycatch  id: 63648da9-a359-b814-d01e-3158ec81c7dc -  - 
2025-03-18 13:42:14.826989 - rocketbot - INFO - request: busqueda_suplementos_deportivos : line 5.6.1.1 - rpaexcel : readxlsx  id: 1e6d0946-0aad-00d5-b106-ff3231fb3160 -  - {"file_path":"{path_file}"}
2025-03-18 13:42:14.826989 - Rocketbot - ERROR - EXCEPTION IN (<string> Rocketbot, L_192 ""): Exception: File not exists
2025-03-18 13:42:14.828079 - rocketbot - INFO - request: busqueda_suplementos_deportivos : line 5.6.1.1 - rpaexcel : newxlsx  id: baf4588f-f593-dcf4-17eb-29c304f163e9 -  - 
2025-03-18 13:42:17.315116 - rocketbot - INFO - request: busqueda_suplementos_deportivos : line 5.6.1.2 - rpaexcel : setcell  id: 4ae9f700-edd6-c384-a6b9-4b969a8afdea -  - A1=id
2025-03-18 13:42:17.366131 - rocketbot - INFO - request: busqueda_suplementos_deportivos : line 5.6.1.3 - rpaexcel : setcell  id: b41e4bb2-68a5-0ff0-dcbf-4b3c40641ebe -  - B1=producto
2025-03-18 13:42:17.377836 - rocketbot - INFO - request: busqueda_suplementos_deportivos : line 5.6.1.4 - rpaexcel : setcell  id: 0079ff8b-b7f1-ab6e-0a32-ee0551039f25 -  - C1=nombre_articulo
2025-03-18 13:42:17.384327 - rocketbot - INFO - request: busqueda_suplementos_deportivos : line 5.6.1.5 - rpaexcel : setcell  id: 4e28e996-5b96-86bd-14bf-ad3b0e65394c -  - D1=precio_articulo
2025-03-18 13:42:17.391964 - rocketbot - INFO - request: busqueda_suplementos_deportivos : line 5.6.1.6 - rpaexcel : setcell  id: 1d4fd15a-e0e2-f08a-f919-9eec83ade2a3 -  - E1=descuento
2025-03-18 13:42:17.398150 - rocketbot - INFO - request: busqueda_suplementos_deportivos : line 5.6.1.7 - rpaexcel : setcell  id: 749128aa-ee1c-ba5b-07ac-ea18fd6edb35 -  - F1=link
2025-03-18 13:42:17.403261 - rocketbot - INFO - request: busqueda_suplementos_deportivos : line 5.6.1.8 - rpascripts : module  id: ad0053c0-2d6f-f75a-1bbc-7e81d4486785 -  - {"module_name":"AdvancedExcel","module":"CellColor","range":"A1:F1","sheet":"Sheet1","custom":"95, 153, 174"}
2025-03-18 13:42:17.440732 - rocketbot - INFO - request: busqueda_suplementos_deportivos : line 5.6.1.9 - rpascripts : module  id: 2922fe10-8208-2ccf-f19e-3257098656ae -  - {"module_name":"AdvancedExcel","module":"style_cells","sheet_name":"Sheet1","cell_range":"A1:F1","position":"all","lineStyle":"1"}
2025-03-18 13:42:17.497343 - rocketbot - INFO - request: busqueda_suplementos_deportivos : line 5.6.2 - rpasystem : setVar  id: d88f5852-aaf1-47a5-69c6-e8eea6b07678 -  - 1
2025-03-18 13:42:17.498376 - rocketbot - INFO - request: busqueda_suplementos_deportivos : line 6 - rpalogic : trycatch  id: 8d925852-e6a9-0bf5-73a6-732a9c7d081c -  - 
2025-03-18 13:42:17.499666 - rocketbot - INFO - request: busqueda_suplementos_deportivos : line 6.1 - rpaexcel : savexlsx  id: 138a8b93-cc84-32b1-3dd3-ee54ad3c18d9 -  - {path_file}
2025-03-18 13:42:17.606898 - rocketbot - INFO - request: busqueda_suplementos_deportivos : line 6.2 - rpadesktop : alert  id: 0f0e023e-6150-58d5-e2d0-b15157b032c0 -  - Archivo guardado correctamente.
2025-03-18 13:42:19.635531 - rocketbot - INFO - request: busqueda_suplementos_deportivos : line 6.3 - rpaexcel : quitexcel  id: c4b0ee75-a553-23f1-9a34-5d9a55c62e69 -  - 
2025-03-18 13:42:19.848334 - rocketbot - INFO - request: busqueda_suplementos_deportivos : line 7 - rpaweb : move_to_element  id: 6a6af887-403d-48fd-f028-85cf0af99e21 -  - {"data":"/html/body/header/div/div[2]/form/input","data_type":"xpath"}
2025-03-18 13:42:19.869246 - rocketbot - INFO - request: busqueda_suplementos_deportivos : line 8 - rpasystem : setVar  id: 28743d6e-e6d8-cc5b-2e6c-f28a5004248c -  - 'creatina'
2025-03-18 13:42:19.870697 - rocketbot - INFO - request: busqueda_suplementos_deportivos : line 9 - rpaweb : execJs  id: 9aeba1f2-5844-c41a-ccbb-fdbea3902e60 -  - return document.querySelector('.nav-search-input').value = ''
2025-03-18 13:42:19.883358 - rocketbot - INFO - request: busqueda_suplementos_deportivos : line 10 - rpaweb : click_web  id: 760a0f8f-e02e-f8e5-5b41-7992c92164fe -  - {"data":"/html/body/header/div/div[2]/form/input","data_type":"xpath"}
2025-03-18 13:42:20.992067 - rpaweb - ERROR - EXCEPTION IN (<string> rpaweb, L_1116 ""): ElementClickInterceptedException: Message: element click intercepted: Element <input type="text" class="nav-search-input" id="cb1-edit" name="as_word" placeholder="Buscar productos, marcas y más…" maxlength="120" autocapitalize="off" autocorrect="off" spellcheck="false" autocomplete="off" value="whey protein" aria-activedescendant="" aria-controls="sb-suggestions-1" aria-autocomplete="list" aria-expanded="false" role="combobox" style="padding-right: 313px;"> is not clickable at point (645, 20). Other element would receive the click: <p id="mlCategory" class="nav-category" title="Solo en Suplementos Alimenticios">...</p>\n  (Session info: chrome=134.0.6998.89)\nStacktrace:\n	GetHandleVerifier [0x0038B5A3+24387]\n	(No symbol) [0x00315904]\n	(No symbol) [0x001F0753]\n	(No symbol) [0x0023EE50]\n	(No symbol) [0x0023D1F4]\n	(No symbol) [0x0023AD87]\n	(No symbol) [0x0023A044]\n	(No symbol) [0x0022E6D5]\n	(No symbol) [0x0025D84C]\n	(No symbol) [0x0022E164]\n	(No symbol) [0x0025DAC4]\n	(No symbol) [0x0027F138]\n	(No symbol) [0x0025D646]\n	(No symbol) [0x0022C59F]\n	(No symbol) [0x0022D8E4]\n	GetHandleVerifier [0x0068D883+3179043]\n	GetHandleVerifier [0x006A6CF9+3282585]\n	GetHandleVerifier [0x006A167C+3260444]\n	GetHandleVerifier [0x00424330+650448]\n	(No symbol) [0x0031ED0D]\n	(No symbol) [0x0031BAF8]\n	(No symbol) [0x0031BC99]\n	(No symbol) [0x0030E530]\n	BaseThreadInitThunk [0x74BA5D49+25]\n	RtlInitializeExceptionChain [0x7708CE3B+107]\n	RtlGetAppContainerNamedObjectPath [0x7708CDC1+561]\n
2025-03-18 13:42:20.994138 - rocketbot - INFO - request: busqueda_suplementos_deportivos : line 11 - rpaweb : sendkey_web  id: f89d6a47-63ff-5537-9f9f-6195e4b8acb2 -  - {"text":"{producto}"}
2025-03-18 13:42:21.047564 - rocketbot - INFO - request: busqueda_suplementos_deportivos : line 12 - rpaweb : sendkey_web  id: d2afc889-6e84-950e-81e5-d9fc8fcc9639 -  - {"special":"ENTER"}
2025-03-18 13:42:22.157410 - rocketbot - INFO - request: busqueda_suplementos_deportivos : line 13 - rpaweb : waitforobject  id: 3117fb2c-216b-17ca-f443-d17416d04c16 - xpath - {"object":"/html/body/main/div/div[2]/aside/div[1]/h1","wait_time":"10","wait_for":"visible","before":"","after":""}
2025-03-18 13:42:22.179877 - rocketbot - INFO - request: busqueda_suplementos_deportivos : line 14 - rpalogic : evaluateIf  id: 918c699e-91c2-3586-7d05-88aeb6f9532d -  - {esperar}
2025-03-18 13:42:22.180899 - rocketbot - INFO - request: busqueda_suplementos_deportivos : line 14.1 - rpalogic : trycatch  id: 63648da9-a359-b814-d01e-3158ec81c7dc -  - 
2025-03-18 13:42:22.180899 - rocketbot - INFO - request: busqueda_suplementos_deportivos : line 14.1.1 - rpaexcel : readxlsx  id: 13fbf6cf-1e9e-50b7-bf5f-1c9658ca0a3b -  - {"file_path":"{path_file}"}
2025-03-18 13:42:24.544201 - rocketbot - INFO - request: busqueda_suplementos_deportivos : line 14.2 - rpasystem : setVar  id: d88f5852-aaf1-47a5-69c6-e8eea6b07678 -  - 1
2025-03-18 13:42:24.544201 - rocketbot - INFO - request: busqueda_suplementos_deportivos : line 14.3 - rpalogic : evaluatewhile  id: 3e66682e-1413-0c04-8335-7ffd5b4dfc87 -  - {counter} <= 10
2025-03-18 13:42:24.546437 - rocketbot - INFO - request: busqueda_suplementos_deportivos : line 14.3 - rpalogic : evaluatewhile  id: 3e66682e-1413-0c04-8335-7ffd5b4dfc87 -  - {counter} <= 10
2025-03-18 13:42:24.547845 - rocketbot - INFO - request: busqueda_suplementos_deportivos : line 14.3.1 - rpaexcel : getrows  id: 6e8e94c9-9a7f-bb10-ecbc-82c4f8894bfb -  - filas
2025-03-18 13:42:24.612051 - rocketbot - INFO - request: busqueda_suplementos_deportivos : line 14.3.2 - rpasystem : setVar  id: efd7356b-64b1-591c-d99f-8965e01ba4f7 -  - {filas}+1
2025-03-18 13:42:24.614046 - rocketbot - INFO - request: busqueda_suplementos_deportivos : line 14.3.3 - rpaexcel : setcell  id: e578ebc1-b852-c666-9578-c383aed7d369 -  - A{fila}={filas}
2025-03-18 13:42:24.621845 - rocketbot - INFO - request: busqueda_suplementos_deportivos : line 14.3.4 - rpascripts : module  id: a9644bbc-51df-327a-40da-e3420eccc7c3 -  - {"module_name":"AdvancedExcel","module":"CellColor","range":"A{fila}","sheet":"Sheet1","custom":"239, 176, 54"}
2025-03-18 13:42:24.650326 - rocketbot - INFO - request: busqueda_suplementos_deportivos : line 14.3.5 - rpaexcel : setcell  id: f8d3f771-3337-8c06-9a1f-2238866dba2e -  - B{fila}={producto}
2025-03-18 13:42:24.657446 - rocketbot - INFO - request: busqueda_suplementos_deportivos : line 14.3.6 - rpaweb : textObject  id: 813aff35-ad64-bbe3-a89d-1fa76dcee597 - xpath - /html/body/main/div/div[2]/section/ol/li[{counter}]/div/div/div[2]/h3
2025-03-18 13:42:24.683130 - rocketbot - INFO - request: busqueda_suplementos_deportivos : line 14.3.7 - rpaexcel : setcell  id: 18fe5d3c-1710-c2d6-fc48-20b608ab0aa8 -  - C{fila}={nombre_producto}
2025-03-18 13:42:24.690564 - rocketbot - INFO - request: busqueda_suplementos_deportivos : line 14.3.8 - rpaweb : textObject  id: 2c4af26a-c005-6bfe-0607-84e93157ad31 - xpath - /html/body/main/div/div[2]/section/ol/li[{counter}]/div/div/div[2]/div[1]/div[1]/div[1]/div/span[1]/span[2]
2025-03-18 13:42:24.709859 - rocketbot - INFO - request: busqueda_suplementos_deportivos : line 14.3.9 - rpasystem : setVar  id: e4e2b2a3-ff3a-979e-f05a-dfe220745703 -  - "{:.3f}".format({precio_producto}).replace('.', ',')
2025-03-18 13:42:24.710887 - rocketbot - INFO - request: busqueda_suplementos_deportivos : line 14.3.10 - rpaexcel : setcell  id: b95719d7-e2db-071e-93c7-be761a3b9d1a -  - D{fila}={precio_producto}
2025-03-18 13:42:24.716429 - rocketbot - INFO - request: busqueda_suplementos_deportivos : line 14.3.11 - rpalogic : trycatch  id: 576c4948-21b6-cb41-0817-02ef2e25bede -  - 
2025-03-18 13:42:24.717602 - rocketbot - INFO - request: busqueda_suplementos_deportivos : line 14.3.11.1 - rpaweb : textObject  id: 59720b00-2c7d-f70c-60d7-bee985c2f28a - xpath - /html/body/main/div/div[2]/section/ol/li[{counter}]/div/div/div[2]/div[1]/div[1]/div[1]/div/span[2]
2025-03-18 13:42:24.751942 - rocketbot - INFO - request: busqueda_suplementos_deportivos : line 14.3.11.2 - rpaexcel : setcell  id: 126046d1-3407-c24d-d84f-938d787bbb6b -  - E{fila}={descuento_producto}
2025-03-18 13:42:24.759247 - rocketbot - INFO - request: busqueda_suplementos_deportivos : line 14.3.12 - rpaweb : get_attribute  id: e9a9f053-ded9-d07a-6114-145fc15981de -  - {"data":"/html/body/main/div/div[2]/section/ol/li[{counter}]/div/div/div[2]/h3/a","data_type":"xpath","attribute":"href","var_":"link"}
2025-03-18 13:42:24.781615 - rocketbot - INFO - request: busqueda_suplementos_deportivos : line 14.3.13 - rpaexcel : setcell  id: d8041ee9-c552-81c7-e3b2-5618885dec95 -  - F{fila}={link}
2025-03-18 13:42:24.790451 - rocketbot - INFO - request: busqueda_suplementos_deportivos : line 14.3.14 - rpasystem : setVar  id: 3ccde172-e67c-1b23-8756-6d6f7d302b85 -  - {counter}+1
2025-03-18 13:42:24.791655 - rocketbot - INFO - request: busqueda_suplementos_deportivos : line 14.3 - rpalogic : evaluatewhile  id: 3e66682e-1413-0c04-8335-7ffd5b4dfc87 -  - {counter} <= 10
2025-03-18 13:42:24.791655 - rocketbot - INFO - request: busqueda_suplementos_deportivos : line 14.3.1 - rpaexcel : getrows  id: 6e8e94c9-9a7f-bb10-ecbc-82c4f8894bfb -  - filas
2025-03-18 13:42:24.796903 - rocketbot - INFO - request: busqueda_suplementos_deportivos : line 14.3.2 - rpasystem : setVar  id: efd7356b-64b1-591c-d99f-8965e01ba4f7 -  - {filas}+1
2025-03-18 13:42:24.797907 - rocketbot - INFO - request: busqueda_suplementos_deportivos : line 14.3.3 - rpaexcel : setcell  id: e578ebc1-b852-c666-9578-c383aed7d369 -  - A{fila}={filas}
2025-03-18 13:42:24.805725 - rocketbot - INFO - request: busqueda_suplementos_deportivos : line 14.3.4 - rpascripts : module  id: a9644bbc-51df-327a-40da-e3420eccc7c3 -  - {"module_name":"AdvancedExcel","module":"CellColor","range":"A{fila}","sheet":"Sheet1","custom":"239, 176, 54"}
2025-03-18 13:42:24.830598 - rocketbot - INFO - request: busqueda_suplementos_deportivos : line 14.3.5 - rpaexcel : setcell  id: f8d3f771-3337-8c06-9a1f-2238866dba2e -  - B{fila}={producto}
2025-03-18 13:42:24.834746 - rocketbot - INFO - request: busqueda_suplementos_deportivos : line 14.3.6 - rpaweb : textObject  id: 813aff35-ad64-bbe3-a89d-1fa76dcee597 - xpath - /html/body/main/div/div[2]/section/ol/li[{counter}]/div/div/div[2]/h3
2025-03-18 13:42:24.851142 - rocketbot - INFO - request: busqueda_suplementos_deportivos : line 14.3.7 - rpaexcel : setcell  id: 18fe5d3c-1710-c2d6-fc48-20b608ab0aa8 -  - C{fila}={nombre_producto}
2025-03-18 13:42:24.860050 - rocketbot - INFO - request: busqueda_suplementos_deportivos : line 14.3.8 - rpaweb : textObject  id: 2c4af26a-c005-6bfe-0607-84e93157ad31 - xpath - /html/body/main/div/div[2]/section/ol/li[{counter}]/div/div/div[2]/div[1]/div[1]/div[1]/div/span[1]/span[2]
2025-03-18 13:42:24.876545 - rocketbot - INFO - request: busqueda_suplementos_deportivos : line 14.3.9 - rpasystem : setVar  id: e4e2b2a3-ff3a-979e-f05a-dfe220745703 -  - "{:.3f}".format({precio_producto}).replace('.', ',')
2025-03-18 13:42:24.877624 - rocketbot - INFO - request: busqueda_suplementos_deportivos : line 14.3.10 - rpaexcel : setcell  id: b95719d7-e2db-071e-93c7-be761a3b9d1a -  - D{fila}={precio_producto}
2025-03-18 13:42:24.882813 - rocketbot - INFO - request: busqueda_suplementos_deportivos : line 14.3.11 - rpalogic : trycatch  id: 576c4948-21b6-cb41-0817-02ef2e25bede -  - 
2025-03-18 13:42:24.882813 - rocketbot - INFO - request: busqueda_suplementos_deportivos : line 14.3.11.1 - rpaweb : textObject  id: 59720b00-2c7d-f70c-60d7-bee985c2f28a - xpath - /html/body/main/div/div[2]/section/ol/li[{counter}]/div/div/div[2]/div[1]/div[1]/div[1]/div/span[2]
2025-03-18 13:42:24.898890 - rocketbot - INFO - request: busqueda_suplementos_deportivos : line 14.3.11.2 - rpaexcel : setcell  id: 126046d1-3407-c24d-d84f-938d787bbb6b -  - E{fila}={descuento_producto}
2025-03-18 13:42:24.904446 - rocketbot - INFO - request: busqueda_suplementos_deportivos : line 14.3.12 - rpaweb : get_attribute  id: e9a9f053-ded9-d07a-6114-145fc15981de -  - {"data":"/html/body/main/div/div[2]/section/ol/li[{counter}]/div/div/div[2]/h3/a","data_type":"xpath","attribute":"href","var_":"link"}
2025-03-18 13:42:24.922237 - rocketbot - INFO - request: busqueda_suplementos_deportivos : line 14.3.13 - rpaexcel : setcell  id: d8041ee9-c552-81c7-e3b2-5618885dec95 -  - F{fila}={link}
2025-03-18 13:42:24.927527 - rocketbot - INFO - request: busqueda_suplementos_deportivos : line 14.3.14 - rpasystem : setVar  id: 3ccde172-e67c-1b23-8756-6d6f7d302b85 -  - {counter}+1
2025-03-18 13:42:24.928562 - rocketbot - INFO - request: busqueda_suplementos_deportivos : line 14.3 - rpalogic : evaluatewhile  id: 3e66682e-1413-0c04-8335-7ffd5b4dfc87 -  - {counter} <= 10
2025-03-18 13:42:24.929703 - rocketbot - INFO - request: busqueda_suplementos_deportivos : line 14.3.1 - rpaexcel : getrows  id: 6e8e94c9-9a7f-bb10-ecbc-82c4f8894bfb -  - filas
2025-03-18 13:42:24.933025 - rocketbot - INFO - request: busqueda_suplementos_deportivos : line 14.3.2 - rpasystem : setVar  id: efd7356b-64b1-591c-d99f-8965e01ba4f7 -  - {filas}+1
2025-03-18 13:42:24.934037 - rocketbot - INFO - request: busqueda_suplementos_deportivos : line 14.3.3 - rpaexcel : setcell  id: e578ebc1-b852-c666-9578-c383aed7d369 -  - A{fila}={filas}
2025-03-18 13:42:24.937229 - rocketbot - INFO - request: busqueda_suplementos_deportivos : line 14.3.4 - rpascripts : module  id: a9644bbc-51df-327a-40da-e3420eccc7c3 -  - {"module_name":"AdvancedExcel","module":"CellColor","range":"A{fila}","sheet":"Sheet1","custom":"239, 176, 54"}
2025-03-18 13:42:24.965861 - rocketbot - INFO - request: busqueda_suplementos_deportivos : line 14.3.5 - rpaexcel : setcell  id: f8d3f771-3337-8c06-9a1f-2238866dba2e -  - B{fila}={producto}
2025-03-18 13:42:24.974141 - rocketbot - INFO - request: busqueda_suplementos_deportivos : line 14.3.6 - rpaweb : textObject  id: 813aff35-ad64-bbe3-a89d-1fa76dcee597 - xpath - /html/body/main/div/div[2]/section/ol/li[{counter}]/div/div/div[2]/h3
2025-03-18 13:42:24.992481 - rocketbot - INFO - request: busqueda_suplementos_deportivos : line 14.3.7 - rpaexcel : setcell  id: 18fe5d3c-1710-c2d6-fc48-20b608ab0aa8 -  - C{fila}={nombre_producto}
2025-03-18 13:42:24.997219 - rocketbot - INFO - request: busqueda_suplementos_deportivos : line 14.3.8 - rpaweb : textObject  id: 2c4af26a-c005-6bfe-0607-84e93157ad31 - xpath - /html/body/main/div/div[2]/section/ol/li[{counter}]/div/div/div[2]/div[1]/div[1]/div[1]/div/span[1]/span[2]
2025-03-18 13:42:25.017372 - rocketbot - INFO - request: busqueda_suplementos_deportivos : line 14.3.9 - rpasystem : setVar  id: e4e2b2a3-ff3a-979e-f05a-dfe220745703 -  - "{:.3f}".format({precio_producto}).replace('.', ',')
2025-03-18 13:42:25.018459 - rocketbot - INFO - request: busqueda_suplementos_deportivos : line 14.3.10 - rpaexcel : setcell  id: b95719d7-e2db-071e-93c7-be761a3b9d1a -  - D{fila}={precio_producto}
2025-03-18 13:42:25.025117 - rocketbot - INFO - request: busqueda_suplementos_deportivos : line 14.3.11 - rpalogic : trycatch  id: 576c4948-21b6-cb41-0817-02ef2e25bede -  - 
2025-03-18 13:42:25.025117 - rocketbot - INFO - request: busqueda_suplementos_deportivos : line 14.3.11.1 - rpaweb : textObject  id: 59720b00-2c7d-f70c-60d7-bee985c2f28a - xpath - /html/body/main/div/div[2]/section/ol/li[{counter}]/div/div/div[2]/div[1]/div[1]/div[1]/div/span[2]
2025-03-18 13:42:25.046195 - rocketbot - INFO - request: busqueda_suplementos_deportivos : line 14.3.11.2 - rpaexcel : setcell  id: 126046d1-3407-c24d-d84f-938d787bbb6b -  - E{fila}={descuento_producto}
2025-03-18 13:42:25.060277 - rocketbot - INFO - request: busqueda_suplementos_deportivos : line 14.3.12 - rpaweb : get_attribute  id: e9a9f053-ded9-d07a-6114-145fc15981de -  - {"data":"/html/body/main/div/div[2]/section/ol/li[{counter}]/div/div/div[2]/h3/a","data_type":"xpath","attribute":"href","var_":"link"}
2025-03-18 13:42:25.080961 - rocketbot - INFO - request: busqueda_suplementos_deportivos : line 14.3.13 - rpaexcel : setcell  id: d8041ee9-c552-81c7-e3b2-5618885dec95 -  - F{fila}={link}
2025-03-18 13:42:25.089452 - rocketbot - INFO - request: busqueda_suplementos_deportivos : line 14.3.14 - rpasystem : setVar  id: 3ccde172-e67c-1b23-8756-6d6f7d302b85 -  - {counter}+1
2025-03-18 13:42:25.091441 - rocketbot - INFO - request: busqueda_suplementos_deportivos : line 14.3 - rpalogic : evaluatewhile  id: 3e66682e-1413-0c04-8335-7ffd5b4dfc87 -  - {counter} <= 10
2025-03-18 13:42:25.093435 - rocketbot - INFO - request: busqueda_suplementos_deportivos : line 14.3.1 - rpaexcel : getrows  id: 6e8e94c9-9a7f-bb10-ecbc-82c4f8894bfb -  - filas
2025-03-18 13:42:25.099289 - rocketbot - INFO - request: busqueda_suplementos_deportivos : line 14.3.2 - rpasystem : setVar  id: efd7356b-64b1-591c-d99f-8965e01ba4f7 -  - {filas}+1
2025-03-18 13:42:25.100291 - rocketbot - INFO - request: busqueda_suplementos_deportivos : line 14.3.3 - rpaexcel : setcell  id: e578ebc1-b852-c666-9578-c383aed7d369 -  - A{fila}={filas}
2025-03-18 13:42:25.106638 - rocketbot - INFO - request: busqueda_suplementos_deportivos : line 14.3.4 - rpascripts : module  id: a9644bbc-51df-327a-40da-e3420eccc7c3 -  - {"module_name":"AdvancedExcel","module":"CellColor","range":"A{fila}","sheet":"Sheet1","custom":"239, 176, 54"}
2025-03-18 13:42:25.133706 - rocketbot - INFO - request: busqueda_suplementos_deportivos : line 14.3.5 - rpaexcel : setcell  id: f8d3f771-3337-8c06-9a1f-2238866dba2e -  - B{fila}={producto}
2025-03-18 13:42:25.139887 - rocketbot - INFO - request: busqueda_suplementos_deportivos : line 14.3.6 - rpaweb : textObject  id: 813aff35-ad64-bbe3-a89d-1fa76dcee597 - xpath - /html/body/main/div/div[2]/section/ol/li[{counter}]/div/div/div[2]/h3
2025-03-18 13:42:25.158749 - rocketbot - INFO - request: busqueda_suplementos_deportivos : line 14.3.7 - rpaexcel : setcell  id: 18fe5d3c-1710-c2d6-fc48-20b608ab0aa8 -  - C{fila}={nombre_producto}
2025-03-18 13:42:25.163227 - rocketbot - INFO - request: busqueda_suplementos_deportivos : line 14.3.8 - rpaweb : textObject  id: 2c4af26a-c005-6bfe-0607-84e93157ad31 - xpath - /html/body/main/div/div[2]/section/ol/li[{counter}]/div/div/div[2]/div[1]/div[1]/div[1]/div/span[1]/span[2]
2025-03-18 13:42:25.180452 - rocketbot - INFO - request: busqueda_suplementos_deportivos : line 14.3.9 - rpasystem : setVar  id: e4e2b2a3-ff3a-979e-f05a-dfe220745703 -  - "{:.3f}".format({precio_producto}).replace('.', ',')
2025-03-18 13:42:25.181459 - rocketbot - INFO - request: busqueda_suplementos_deportivos : line 14.3.10 - rpaexcel : setcell  id: b95719d7-e2db-071e-93c7-be761a3b9d1a -  - D{fila}={precio_producto}
2025-03-18 13:42:25.185827 - rocketbot - INFO - request: busqueda_suplementos_deportivos : line 14.3.11 - rpalogic : trycatch  id: 576c4948-21b6-cb41-0817-02ef2e25bede -  - 
2025-03-18 13:42:25.186828 - rocketbot - INFO - request: busqueda_suplementos_deportivos : line 14.3.11.1 - rpaweb : textObject  id: 59720b00-2c7d-f70c-60d7-bee985c2f28a - xpath - /html/body/main/div/div[2]/section/ol/li[{counter}]/div/div/div[2]/div[1]/div[1]/div[1]/div/span[2]
2025-03-18 13:42:25.203435 - rocketbot - INFO - request: busqueda_suplementos_deportivos : line 14.3.11.2 - rpaexcel : setcell  id: 126046d1-3407-c24d-d84f-938d787bbb6b -  - E{fila}={descuento_producto}
2025-03-18 13:42:25.208033 - rocketbot - INFO - request: busqueda_suplementos_deportivos : line 14.3.12 - rpaweb : get_attribute  id: e9a9f053-ded9-d07a-6114-145fc15981de -  - {"data":"/html/body/main/div/div[2]/section/ol/li[{counter}]/div/div/div[2]/h3/a","data_type":"xpath","attribute":"href","var_":"link"}
2025-03-18 13:42:25.226410 - rocketbot - INFO - request: busqueda_suplementos_deportivos : line 14.3.13 - rpaexcel : setcell  id: d8041ee9-c552-81c7-e3b2-5618885dec95 -  - F{fila}={link}
2025-03-18 13:42:25.232549 - rocketbot - INFO - request: busqueda_suplementos_deportivos : line 14.3.14 - rpasystem : setVar  id: 3ccde172-e67c-1b23-8756-6d6f7d302b85 -  - {counter}+1
2025-03-18 13:42:25.234021 - rocketbot - INFO - request: busqueda_suplementos_deportivos : line 14.3 - rpalogic : evaluatewhile  id: 3e66682e-1413-0c04-8335-7ffd5b4dfc87 -  - {counter} <= 10
2025-03-18 13:42:25.234021 - rocketbot - INFO - request: busqueda_suplementos_deportivos : line 14.3.1 - rpaexcel : getrows  id: 6e8e94c9-9a7f-bb10-ecbc-82c4f8894bfb -  - filas
2025-03-18 13:42:25.240855 - rocketbot - INFO - request: busqueda_suplementos_deportivos : line 14.3.2 - rpasystem : setVar  id: efd7356b-64b1-591c-d99f-8965e01ba4f7 -  - {filas}+1
2025-03-18 13:42:25.241851 - rocketbot - INFO - request: busqueda_suplementos_deportivos : line 14.3.3 - rpaexcel : setcell  id: e578ebc1-b852-c666-9578-c383aed7d369 -  - A{fila}={filas}
2025-03-18 13:42:25.247490 - rocketbot - INFO - request: busqueda_suplementos_deportivos : line 14.3.4 - rpascripts : module  id: a9644bbc-51df-327a-40da-e3420eccc7c3 -  - {"module_name":"AdvancedExcel","module":"CellColor","range":"A{fila}","sheet":"Sheet1","custom":"239, 176, 54"}
2025-03-18 13:42:25.269222 - rocketbot - INFO - request: busqueda_suplementos_deportivos : line 14.3.5 - rpaexcel : setcell  id: f8d3f771-3337-8c06-9a1f-2238866dba2e -  - B{fila}={producto}
2025-03-18 13:42:25.275586 - rocketbot - INFO - request: busqueda_suplementos_deportivos : line 14.3.6 - rpaweb : textObject  id: 813aff35-ad64-bbe3-a89d-1fa76dcee597 - xpath - /html/body/main/div/div[2]/section/ol/li[{counter}]/div/div/div[2]/h3
2025-03-18 13:42:25.295518 - rocketbot - INFO - request: busqueda_suplementos_deportivos : line 14.3.7 - rpaexcel : setcell  id: 18fe5d3c-1710-c2d6-fc48-20b608ab0aa8 -  - C{fila}={nombre_producto}
2025-03-18 13:42:25.301106 - rocketbot - INFO - request: busqueda_suplementos_deportivos : line 14.3.8 - rpaweb : textObject  id: 2c4af26a-c005-6bfe-0607-84e93157ad31 - xpath - /html/body/main/div/div[2]/section/ol/li[{counter}]/div/div/div[2]/div[1]/div[1]/div[1]/div/span[1]/span[2]
2025-03-18 13:42:25.317169 - rocketbot - INFO - request: busqueda_suplementos_deportivos : line 14.3.9 - rpasystem : setVar  id: e4e2b2a3-ff3a-979e-f05a-dfe220745703 -  - "{:.3f}".format({precio_producto}).replace('.', ',')
2025-03-18 13:42:25.318182 - rocketbot - INFO - request: busqueda_suplementos_deportivos : line 14.3.10 - rpaexcel : setcell  id: b95719d7-e2db-071e-93c7-be761a3b9d1a -  - D{fila}={precio_producto}
2025-03-18 13:42:25.323306 - rocketbot - INFO - request: busqueda_suplementos_deportivos : line 14.3.11 - rpalogic : trycatch  id: 576c4948-21b6-cb41-0817-02ef2e25bede -  - 
2025-03-18 13:42:25.324708 - rocketbot - INFO - request: busqueda_suplementos_deportivos : line 14.3.11.1 - rpaweb : textObject  id: 59720b00-2c7d-f70c-60d7-bee985c2f28a - xpath - /html/body/main/div/div[2]/section/ol/li[{counter}]/div/div/div[2]/div[1]/div[1]/div[1]/div/span[2]
2025-03-18 13:42:25.341501 - rpaweb - ERROR - EXCEPTION IN (<string> rpaweb, L_764 ""): NoSuchElementException: Message: no such element: Unable to locate element: {"method":"xpath","selector":"/html/body/main/div/div[2]/section/ol/li[5]/div/div/div[2]/div[1]/div[1]/div[1]/div/span[2]"}\n  (Session info: chrome=134.0.6998.89)\nStacktrace:\n	GetHandleVerifier [0x0038B5A3+24387]\n	(No symbol) [0x00315904]\n	(No symbol) [0x001F0753]\n	(No symbol) [0x00238BA9]\n	(No symbol) [0x00238EFB]\n	(No symbol) [0x002819C2]\n	(No symbol) [0x0025D894]\n	(No symbol) [0x0027F138]\n	(No symbol) [0x0025D646]\n	(No symbol) [0x0022C59F]\n	(No symbol) [0x0022D8E4]\n	GetHandleVerifier [0x0068D883+3179043]\n	GetHandleVerifier [0x006A6CF9+3282585]\n	GetHandleVerifier [0x006A167C+3260444]\n	GetHandleVerifier [0x00424330+650448]\n	(No symbol) [0x0031ED0D]\n	(No symbol) [0x0031BAF8]\n	(No symbol) [0x0031BC99]\n	(No symbol) [0x0030E530]\n	BaseThreadInitThunk [0x74BA5D49+25]\n	RtlInitializeExceptionChain [0x7708CE3B+107]\n	RtlGetAppContainerNamedObjectPath [0x7708CDC1+561]\n
2025-03-18 13:42:25.342555 - rocketbot - INFO - request: busqueda_suplementos_deportivos : line 14.3.11.1 - rpaexcel : setcell  id: 471940c3-36cd-5668-9e19-cfa0f6ac2cc5 -  - E{fila}=0% OFF
2025-03-18 13:42:25.347914 - rocketbot - INFO - request: busqueda_suplementos_deportivos : line 14.3.12 - rpaweb : get_attribute  id: e9a9f053-ded9-d07a-6114-145fc15981de -  - {"data":"/html/body/main/div/div[2]/section/ol/li[{counter}]/div/div/div[2]/h3/a","data_type":"xpath","attribute":"href","var_":"link"}
2025-03-18 13:42:25.367558 - rocketbot - INFO - request: busqueda_suplementos_deportivos : line 14.3.13 - rpaexcel : setcell  id: d8041ee9-c552-81c7-e3b2-5618885dec95 -  - F{fila}={link}
2025-03-18 13:42:25.378265 - rocketbot - INFO - request: busqueda_suplementos_deportivos : line 14.3.14 - rpasystem : setVar  id: 3ccde172-e67c-1b23-8756-6d6f7d302b85 -  - {counter}+1
2025-03-18 13:42:25.379291 - rocketbot - INFO - request: busqueda_suplementos_deportivos : line 14.3 - rpalogic : evaluatewhile  id: 3e66682e-1413-0c04-8335-7ffd5b4dfc87 -  - {counter} <= 10
2025-03-18 13:42:25.380298 - rocketbot - INFO - request: busqueda_suplementos_deportivos : line 14.3.1 - rpaexcel : getrows  id: 6e8e94c9-9a7f-bb10-ecbc-82c4f8894bfb -  - filas
2025-03-18 13:42:25.386472 - rocketbot - INFO - request: busqueda_suplementos_deportivos : line 14.3.2 - rpasystem : setVar  id: efd7356b-64b1-591c-d99f-8965e01ba4f7 -  - {filas}+1
2025-03-18 13:42:25.387481 - rocketbot - INFO - request: busqueda_suplementos_deportivos : line 14.3.3 - rpaexcel : setcell  id: e578ebc1-b852-c666-9578-c383aed7d369 -  - A{fila}={filas}
2025-03-18 13:42:25.392686 - rocketbot - INFO - request: busqueda_suplementos_deportivos : line 14.3.4 - rpascripts : module  id: a9644bbc-51df-327a-40da-e3420eccc7c3 -  - {"module_name":"AdvancedExcel","module":"CellColor","range":"A{fila}","sheet":"Sheet1","custom":"239, 176, 54"}
2025-03-18 13:42:25.415292 - rocketbot - INFO - request: busqueda_suplementos_deportivos : line 14.3.5 - rpaexcel : setcell  id: f8d3f771-3337-8c06-9a1f-2238866dba2e -  - B{fila}={producto}
2025-03-18 13:42:25.421564 - rocketbot - INFO - request: busqueda_suplementos_deportivos : line 14.3.6 - rpaweb : textObject  id: 813aff35-ad64-bbe3-a89d-1fa76dcee597 - xpath - /html/body/main/div/div[2]/section/ol/li[{counter}]/div/div/div[2]/h3
2025-03-18 13:42:25.443601 - rocketbot - INFO - request: busqueda_suplementos_deportivos : line 14.3.7 - rpaexcel : setcell  id: 18fe5d3c-1710-c2d6-fc48-20b608ab0aa8 -  - C{fila}={nombre_producto}
2025-03-18 13:42:25.449991 - rocketbot - INFO - request: busqueda_suplementos_deportivos : line 14.3.8 - rpaweb : textObject  id: 2c4af26a-c005-6bfe-0607-84e93157ad31 - xpath - /html/body/main/div/div[2]/section/ol/li[{counter}]/div/div/div[2]/div[1]/div[1]/div[1]/div/span[1]/span[2]
2025-03-18 13:42:25.491306 - rocketbot - INFO - request: busqueda_suplementos_deportivos : line 14.3.9 - rpasystem : setVar  id: e4e2b2a3-ff3a-979e-f05a-dfe220745703 -  - "{:.3f}".format({precio_producto}).replace('.', ',')
2025-03-18 13:42:25.492442 - rocketbot - INFO - request: busqueda_suplementos_deportivos : line 14.3.10 - rpaexcel : setcell  id: b95719d7-e2db-071e-93c7-be761a3b9d1a -  - D{fila}={precio_producto}
2025-03-18 13:42:25.498742 - rocketbot - INFO - request: busqueda_suplementos_deportivos : line 14.3.11 - rpalogic : trycatch  id: 576c4948-21b6-cb41-0817-02ef2e25bede -  - 
2025-03-18 13:42:25.498742 - rocketbot - INFO - request: busqueda_suplementos_deportivos : line 14.3.11.1 - rpaweb : textObject  id: 59720b00-2c7d-f70c-60d7-bee985c2f28a - xpath - /html/body/main/div/div[2]/section/ol/li[{counter}]/div/div/div[2]/div[1]/div[1]/div[1]/div/span[2]
2025-03-18 13:42:25.514315 - rocketbot - INFO - request: busqueda_suplementos_deportivos : line 14.3.11.2 - rpaexcel : setcell  id: 126046d1-3407-c24d-d84f-938d787bbb6b -  - E{fila}={descuento_producto}
2025-03-18 13:42:25.518476 - rocketbot - INFO - request: busqueda_suplementos_deportivos : line 14.3.12 - rpaweb : get_attribute  id: e9a9f053-ded9-d07a-6114-145fc15981de -  - {"data":"/html/body/main/div/div[2]/section/ol/li[{counter}]/div/div/div[2]/h3/a","data_type":"xpath","attribute":"href","var_":"link"}
2025-03-18 13:42:25.534502 - rocketbot - INFO - request: busqueda_suplementos_deportivos : line 14.3.13 - rpaexcel : setcell  id: d8041ee9-c552-81c7-e3b2-5618885dec95 -  - F{fila}={link}
2025-03-18 13:42:25.543382 - rocketbot - INFO - request: busqueda_suplementos_deportivos : line 14.3.14 - rpasystem : setVar  id: 3ccde172-e67c-1b23-8756-6d6f7d302b85 -  - {counter}+1
2025-03-18 13:42:25.544430 - rocketbot - INFO - request: busqueda_suplementos_deportivos : line 14.3 - rpalogic : evaluatewhile  id: 3e66682e-1413-0c04-8335-7ffd5b4dfc87 -  - {counter} <= 10
2025-03-18 13:42:25.545530 - rocketbot - INFO - request: busqueda_suplementos_deportivos : line 14.3.1 - rpaexcel : getrows  id: 6e8e94c9-9a7f-bb10-ecbc-82c4f8894bfb -  - filas
2025-03-18 13:42:25.549844 - rocketbot - INFO - request: busqueda_suplementos_deportivos : line 14.3.2 - rpasystem : setVar  id: efd7356b-64b1-591c-d99f-8965e01ba4f7 -  - {filas}+1
2025-03-18 13:42:25.550886 - rocketbot - INFO - request: busqueda_suplementos_deportivos : line 14.3.3 - rpaexcel : setcell  id: e578ebc1-b852-c666-9578-c383aed7d369 -  - A{fila}={filas}
2025-03-18 13:42:25.553953 - rocketbot - INFO - request: busqueda_suplementos_deportivos : line 14.3.4 - rpascripts : module  id: a9644bbc-51df-327a-40da-e3420eccc7c3 -  - {"module_name":"AdvancedExcel","module":"CellColor","range":"A{fila}","sheet":"Sheet1","custom":"239, 176, 54"}
2025-03-18 13:42:25.574748 - rocketbot - INFO - request: busqueda_suplementos_deportivos : line 14.3.5 - rpaexcel : setcell  id: f8d3f771-3337-8c06-9a1f-2238866dba2e -  - B{fila}={producto}
2025-03-18 13:42:25.579117 - rocketbot - INFO - request: busqueda_suplementos_deportivos : line 14.3.6 - rpaweb : textObject  id: 813aff35-ad64-bbe3-a89d-1fa76dcee597 - xpath - /html/body/main/div/div[2]/section/ol/li[{counter}]/div/div/div[2]/h3
2025-03-18 13:42:25.595325 - rocketbot - INFO - request: busqueda_suplementos_deportivos : line 14.3.7 - rpaexcel : setcell  id: 18fe5d3c-1710-c2d6-fc48-20b608ab0aa8 -  - C{fila}={nombre_producto}
2025-03-18 13:42:25.600570 - rocketbot - INFO - request: busqueda_suplementos_deportivos : line 14.3.8 - rpaweb : textObject  id: 2c4af26a-c005-6bfe-0607-84e93157ad31 - xpath - /html/body/main/div/div[2]/section/ol/li[{counter}]/div/div/div[2]/div[1]/div[1]/div[1]/div/span[1]/span[2]
2025-03-18 13:42:25.615886 - rocketbot - INFO - request: busqueda_suplementos_deportivos : line 14.3.9 - rpasystem : setVar  id: e4e2b2a3-ff3a-979e-f05a-dfe220745703 -  - "{:.3f}".format({precio_producto}).replace('.', ',')
2025-03-18 13:42:25.615886 - rocketbot - INFO - request: busqueda_suplementos_deportivos : line 14.3.10 - rpaexcel : setcell  id: b95719d7-e2db-071e-93c7-be761a3b9d1a -  - D{fila}={precio_producto}
2025-03-18 13:42:25.631237 - rocketbot - INFO - request: busqueda_suplementos_deportivos : line 14.3.11 - rpalogic : trycatch  id: 576c4948-21b6-cb41-0817-02ef2e25bede -  - 
2025-03-18 13:42:25.631237 - rocketbot - INFO - request: busqueda_suplementos_deportivos : line 14.3.11.1 - rpaweb : textObject  id: 59720b00-2c7d-f70c-60d7-bee985c2f28a - xpath - /html/body/main/div/div[2]/section/ol/li[{counter}]/div/div/div[2]/div[1]/div[1]/div[1]/div/span[2]
2025-03-18 13:42:25.651301 - rocketbot - INFO - request: busqueda_suplementos_deportivos : line 14.3.11.2 - rpaexcel : setcell  id: 126046d1-3407-c24d-d84f-938d787bbb6b -  - E{fila}={descuento_producto}
2025-03-18 13:42:25.655675 - rocketbot - INFO - request: busqueda_suplementos_deportivos : line 14.3.12 - rpaweb : get_attribute  id: e9a9f053-ded9-d07a-6114-145fc15981de -  - {"data":"/html/body/main/div/div[2]/section/ol/li[{counter}]/div/div/div[2]/h3/a","data_type":"xpath","attribute":"href","var_":"link"}
2025-03-18 13:42:25.669476 - rocketbot - INFO - request: busqueda_suplementos_deportivos : line 14.3.13 - rpaexcel : setcell  id: d8041ee9-c552-81c7-e3b2-5618885dec95 -  - F{fila}={link}
2025-03-18 13:42:25.674584 - rocketbot - INFO - request: busqueda_suplementos_deportivos : line 14.3.14 - rpasystem : setVar  id: 3ccde172-e67c-1b23-8756-6d6f7d302b85 -  - {counter}+1
2025-03-18 13:42:25.675589 - rocketbot - INFO - request: busqueda_suplementos_deportivos : line 14.3 - rpalogic : evaluatewhile  id: 3e66682e-1413-0c04-8335-7ffd5b4dfc87 -  - {counter} <= 10
2025-03-18 13:42:25.675589 - rocketbot - INFO - request: busqueda_suplementos_deportivos : line 14.3.1 - rpaexcel : getrows  id: 6e8e94c9-9a7f-bb10-ecbc-82c4f8894bfb -  - filas
2025-03-18 13:42:25.681199 - rocketbot - INFO - request: busqueda_suplementos_deportivos : line 14.3.2 - rpasystem : setVar  id: efd7356b-64b1-591c-d99f-8965e01ba4f7 -  - {filas}+1
2025-03-18 13:42:25.682215 - rocketbot - INFO - request: busqueda_suplementos_deportivos : line 14.3.3 - rpaexcel : setcell  id: e578ebc1-b852-c666-9578-c383aed7d369 -  - A{fila}={filas}
2025-03-18 13:42:25.686378 - rocketbot - INFO - request: busqueda_suplementos_deportivos : line 14.3.4 - rpascripts : module  id: a9644bbc-51df-327a-40da-e3420eccc7c3 -  - {"module_name":"AdvancedExcel","module":"CellColor","range":"A{fila}","sheet":"Sheet1","custom":"239, 176, 54"}
2025-03-18 13:42:25.705378 - rocketbot - INFO - request: busqueda_suplementos_deportivos : line 14.3.5 - rpaexcel : setcell  id: f8d3f771-3337-8c06-9a1f-2238866dba2e -  - B{fila}={producto}
2025-03-18 13:42:25.710817 - rocketbot - INFO - request: busqueda_suplementos_deportivos : line 14.3.6 - rpaweb : textObject  id: 813aff35-ad64-bbe3-a89d-1fa76dcee597 - xpath - /html/body/main/div/div[2]/section/ol/li[{counter}]/div/div/div[2]/h3
2025-03-18 13:42:25.726486 - rocketbot - INFO - request: busqueda_suplementos_deportivos : line 14.3.7 - rpaexcel : setcell  id: 18fe5d3c-1710-c2d6-fc48-20b608ab0aa8 -  - C{fila}={nombre_producto}
2025-03-18 13:42:25.730666 - rocketbot - INFO - request: busqueda_suplementos_deportivos : line 14.3.8 - rpaweb : textObject  id: 2c4af26a-c005-6bfe-0607-84e93157ad31 - xpath - /html/body/main/div/div[2]/section/ol/li[{counter}]/div/div/div[2]/div[1]/div[1]/div[1]/div/span[1]/span[2]
2025-03-18 13:42:25.747455 - rocketbot - INFO - request: busqueda_suplementos_deportivos : line 14.3.9 - rpasystem : setVar  id: e4e2b2a3-ff3a-979e-f05a-dfe220745703 -  - "{:.3f}".format({precio_producto}).replace('.', ',')
2025-03-18 13:42:25.748567 - rocketbot - INFO - request: busqueda_suplementos_deportivos : line 14.3.10 - rpaexcel : setcell  id: b95719d7-e2db-071e-93c7-be761a3b9d1a -  - D{fila}={precio_producto}
2025-03-18 13:42:25.751692 - rocketbot - INFO - request: busqueda_suplementos_deportivos : line 14.3.11 - rpalogic : trycatch  id: 576c4948-21b6-cb41-0817-02ef2e25bede -  - 
2025-03-18 13:42:25.752708 - rocketbot - INFO - request: busqueda_suplementos_deportivos : line 14.3.11.1 - rpaweb : textObject  id: 59720b00-2c7d-f70c-60d7-bee985c2f28a - xpath - /html/body/main/div/div[2]/section/ol/li[{counter}]/div/div/div[2]/div[1]/div[1]/div[1]/div/span[2]
2025-03-18 13:42:25.768101 - rocketbot - INFO - request: busqueda_suplementos_deportivos : line 14.3.11.2 - rpaexcel : setcell  id: 126046d1-3407-c24d-d84f-938d787bbb6b -  - E{fila}={descuento_producto}
2025-03-18 13:42:25.772283 - rocketbot - INFO - request: busqueda_suplementos_deportivos : line 14.3.12 - rpaweb : get_attribute  id: e9a9f053-ded9-d07a-6114-145fc15981de -  - {"data":"/html/body/main/div/div[2]/section/ol/li[{counter}]/div/div/div[2]/h3/a","data_type":"xpath","attribute":"href","var_":"link"}
2025-03-18 13:42:25.787535 - rocketbot - INFO - request: busqueda_suplementos_deportivos : line 14.3.13 - rpaexcel : setcell  id: d8041ee9-c552-81c7-e3b2-5618885dec95 -  - F{fila}={link}
2025-03-18 13:42:25.793121 - rocketbot - INFO - request: busqueda_suplementos_deportivos : line 14.3.14 - rpasystem : setVar  id: 3ccde172-e67c-1b23-8756-6d6f7d302b85 -  - {counter}+1
2025-03-18 13:42:25.793121 - rocketbot - INFO - request: busqueda_suplementos_deportivos : line 14.3 - rpalogic : evaluatewhile  id: 3e66682e-1413-0c04-8335-7ffd5b4dfc87 -  - {counter} <= 10
2025-03-18 13:42:25.794474 - rocketbot - INFO - request: busqueda_suplementos_deportivos : line 14.3.1 - rpaexcel : getrows  id: 6e8e94c9-9a7f-bb10-ecbc-82c4f8894bfb -  - filas
2025-03-18 13:42:25.797653 - rocketbot - INFO - request: busqueda_suplementos_deportivos : line 14.3.2 - rpasystem : setVar  id: efd7356b-64b1-591c-d99f-8965e01ba4f7 -  - {filas}+1
2025-03-18 13:42:25.798673 - rocketbot - INFO - request: busqueda_suplementos_deportivos : line 14.3.3 - rpaexcel : setcell  id: e578ebc1-b852-c666-9578-c383aed7d369 -  - A{fila}={filas}
2025-03-18 13:42:25.801781 - rocketbot - INFO - request: busqueda_suplementos_deportivos : line 14.3.4 - rpascripts : module  id: a9644bbc-51df-327a-40da-e3420eccc7c3 -  - {"module_name":"AdvancedExcel","module":"CellColor","range":"A{fila}","sheet":"Sheet1","custom":"239, 176, 54"}
2025-03-18 13:42:25.824249 - rocketbot - INFO - request: busqueda_suplementos_deportivos : line 14.3.5 - rpaexcel : setcell  id: f8d3f771-3337-8c06-9a1f-2238866dba2e -  - B{fila}={producto}
2025-03-18 13:42:25.828341 - rocketbot - INFO - request: busqueda_suplementos_deportivos : line 14.3.6 - rpaweb : textObject  id: 813aff35-ad64-bbe3-a89d-1fa76dcee597 - xpath - /html/body/main/div/div[2]/section/ol/li[{counter}]/div/div/div[2]/h3
2025-03-18 13:42:25.844123 - rocketbot - INFO - request: busqueda_suplementos_deportivos : line 14.3.7 - rpaexcel : setcell  id: 18fe5d3c-1710-c2d6-fc48-20b608ab0aa8 -  - C{fila}={nombre_producto}
2025-03-18 13:42:25.848664 - rocketbot - INFO - request: busqueda_suplementos_deportivos : line 14.3.8 - rpaweb : textObject  id: 2c4af26a-c005-6bfe-0607-84e93157ad31 - xpath - /html/body/main/div/div[2]/section/ol/li[{counter}]/div/div/div[2]/div[1]/div[1]/div[1]/div/span[1]/span[2]
2025-03-18 13:42:25.865035 - rocketbot - INFO - request: busqueda_suplementos_deportivos : line 14.3.9 - rpasystem : setVar  id: e4e2b2a3-ff3a-979e-f05a-dfe220745703 -  - "{:.3f}".format({precio_producto}).replace('.', ',')
2025-03-18 13:42:25.866406 - rocketbot - INFO - request: busqueda_suplementos_deportivos : line 14.3.10 - rpaexcel : setcell  id: b95719d7-e2db-071e-93c7-be761a3b9d1a -  - D{fila}={precio_producto}
2025-03-18 13:42:25.870522 - rocketbot - INFO - request: busqueda_suplementos_deportivos : line 14.3.11 - rpalogic : trycatch  id: 576c4948-21b6-cb41-0817-02ef2e25bede -  - 
2025-03-18 13:42:25.871536 - rocketbot - INFO - request: busqueda_suplementos_deportivos : line 14.3.11.1 - rpaweb : textObject  id: 59720b00-2c7d-f70c-60d7-bee985c2f28a - xpath - /html/body/main/div/div[2]/section/ol/li[{counter}]/div/div/div[2]/div[1]/div[1]/div[1]/div/span[2]
2025-03-18 13:42:25.888752 - rocketbot - INFO - request: busqueda_suplementos_deportivos : line 14.3.11.2 - rpaexcel : setcell  id: 126046d1-3407-c24d-d84f-938d787bbb6b -  - E{fila}={descuento_producto}
2025-03-18 13:42:25.894993 - rocketbot - INFO - request: busqueda_suplementos_deportivos : line 14.3.12 - rpaweb : get_attribute  id: e9a9f053-ded9-d07a-6114-145fc15981de -  - {"data":"/html/body/main/div/div[2]/section/ol/li[{counter}]/div/div/div[2]/h3/a","data_type":"xpath","attribute":"href","var_":"link"}
2025-03-18 13:42:25.911450 - rocketbot - INFO - request: busqueda_suplementos_deportivos : line 14.3.13 - rpaexcel : setcell  id: d8041ee9-c552-81c7-e3b2-5618885dec95 -  - F{fila}={link}
2025-03-18 13:42:25.915707 - rocketbot - INFO - request: busqueda_suplementos_deportivos : line 14.3.14 - rpasystem : setVar  id: 3ccde172-e67c-1b23-8756-6d6f7d302b85 -  - {counter}+1
2025-03-18 13:42:25.917166 - rocketbot - INFO - request: busqueda_suplementos_deportivos : line 14.3 - rpalogic : evaluatewhile  id: 3e66682e-1413-0c04-8335-7ffd5b4dfc87 -  - {counter} <= 10
2025-03-18 13:42:25.918249 - rocketbot - INFO - request: busqueda_suplementos_deportivos : line 14.3.1 - rpaexcel : getrows  id: 6e8e94c9-9a7f-bb10-ecbc-82c4f8894bfb -  - filas
2025-03-18 13:42:25.922377 - rocketbot - INFO - request: busqueda_suplementos_deportivos : line 14.3.2 - rpasystem : setVar  id: efd7356b-64b1-591c-d99f-8965e01ba4f7 -  - {filas}+1
2025-03-18 13:42:25.922377 - rocketbot - INFO - request: busqueda_suplementos_deportivos : line 14.3.3 - rpaexcel : setcell  id: e578ebc1-b852-c666-9578-c383aed7d369 -  - A{fila}={filas}
2025-03-18 13:42:25.925981 - rocketbot - INFO - request: busqueda_suplementos_deportivos : line 14.3.4 - rpascripts : module  id: a9644bbc-51df-327a-40da-e3420eccc7c3 -  - {"module_name":"AdvancedExcel","module":"CellColor","range":"A{fila}","sheet":"Sheet1","custom":"239, 176, 54"}
2025-03-18 13:42:25.947395 - rocketbot - INFO - request: busqueda_suplementos_deportivos : line 14.3.5 - rpaexcel : setcell  id: f8d3f771-3337-8c06-9a1f-2238866dba2e -  - B{fila}={producto}
2025-03-18 13:42:25.951648 - rocketbot - INFO - request: busqueda_suplementos_deportivos : line 14.3.6 - rpaweb : textObject  id: 813aff35-ad64-bbe3-a89d-1fa76dcee597 - xpath - /html/body/main/div/div[2]/section/ol/li[{counter}]/div/div/div[2]/h3
2025-03-18 13:42:25.967885 - rocketbot - INFO - request: busqueda_suplementos_deportivos : line 14.3.7 - rpaexcel : setcell  id: 18fe5d3c-1710-c2d6-fc48-20b608ab0aa8 -  - C{fila}={nombre_producto}
2025-03-18 13:42:25.972136 - rocketbot - INFO - request: busqueda_suplementos_deportivos : line 14.3.8 - rpaweb : textObject  id: 2c4af26a-c005-6bfe-0607-84e93157ad31 - xpath - /html/body/main/div/div[2]/section/ol/li[{counter}]/div/div/div[2]/div[1]/div[1]/div[1]/div/span[1]/span[2]
2025-03-18 13:42:26.008135 - rocketbot - INFO - request: busqueda_suplementos_deportivos : line 14.3.9 - rpasystem : setVar  id: e4e2b2a3-ff3a-979e-f05a-dfe220745703 -  - "{:.3f}".format({precio_producto}).replace('.', ',')
2025-03-18 13:42:26.009225 - rocketbot - INFO - request: busqueda_suplementos_deportivos : line 14.3.10 - rpaexcel : setcell  id: b95719d7-e2db-071e-93c7-be761a3b9d1a -  - D{fila}={precio_producto}
2025-03-18 13:42:26.013326 - rocketbot - INFO - request: busqueda_suplementos_deportivos : line 14.3.11 - rpalogic : trycatch  id: 576c4948-21b6-cb41-0817-02ef2e25bede -  - 
2025-03-18 13:42:26.014332 - rocketbot - INFO - request: busqueda_suplementos_deportivos : line 14.3.11.1 - rpaweb : textObject  id: 59720b00-2c7d-f70c-60d7-bee985c2f28a - xpath - /html/body/main/div/div[2]/section/ol/li[{counter}]/div/div/div[2]/div[1]/div[1]/div[1]/div/span[2]
2025-03-18 13:42:26.029205 - rocketbot - INFO - request: busqueda_suplementos_deportivos : line 14.3.11.2 - rpaexcel : setcell  id: 126046d1-3407-c24d-d84f-938d787bbb6b -  - E{fila}={descuento_producto}
2025-03-18 13:42:26.033318 - rocketbot - INFO - request: busqueda_suplementos_deportivos : line 14.3.12 - rpaweb : get_attribute  id: e9a9f053-ded9-d07a-6114-145fc15981de -  - {"data":"/html/body/main/div/div[2]/section/ol/li[{counter}]/div/div/div[2]/h3/a","data_type":"xpath","attribute":"href","var_":"link"}
2025-03-18 13:42:26.052701 - rocketbot - INFO - request: busqueda_suplementos_deportivos : line 14.3.13 - rpaexcel : setcell  id: d8041ee9-c552-81c7-e3b2-5618885dec95 -  - F{fila}={link}
2025-03-18 13:42:26.059285 - rocketbot - INFO - request: busqueda_suplementos_deportivos : line 14.3.14 - rpasystem : setVar  id: 3ccde172-e67c-1b23-8756-6d6f7d302b85 -  - {counter}+1
2025-03-18 13:42:26.060301 - rocketbot - INFO - request: busqueda_suplementos_deportivos : line 14.3 - rpalogic : evaluatewhile  id: 3e66682e-1413-0c04-8335-7ffd5b4dfc87 -  - {counter} <= 10
2025-03-18 13:42:26.061324 - rocketbot - INFO - request: busqueda_suplementos_deportivos : line 14.4 - rpalogic : trycatch  id: 8d925852-e6a9-0bf5-73a6-732a9c7d081c -  - 
2025-03-18 13:42:26.061324 - rocketbot - INFO - request: busqueda_suplementos_deportivos : line 14.4.1 - rpaexcel : savexlsx  id: 68b26e41-5346-a20c-43e1-e6dcc70b3010 -  - {path_file}
2025-03-18 13:42:26.086762 - rocketbot - INFO - request: busqueda_suplementos_deportivos : line 14.4.2 - rpadesktop : alert  id: 0f0e023e-6150-58d5-e2d0-b15157b032c0 -  - Archivo guardado correctamente.
2025-03-18 13:42:27.441772 - rocketbot - INFO - request: busqueda_suplementos_deportivos : line 14.4.3 - rpaexcel : quitexcel  id: c4b0ee75-a553-23f1-9a34-5d9a55c62e69 -  - 
2025-03-18 13:42:27.623357 - rocketbot - INFO - request: busqueda_suplementos_deportivos : line 14.4.4 - rpaweb : killdriver  id: d2205528-0dc9-30a7-d09e-89d41fa86034 -  - 
2025-03-18 13:42:29.847389 - rocketbot - INFO - request: busqueda_suplementos_deportivos : line 14.4.5 - rpascripts : module  id: 6699fcc3-1f24-48e0-38e3-0ffad5291bd8 -  - {"module_name":"killApp","module":"killApp","app_":"Excel"}
2025-03-18 13:42:29.875752 - rocketbot - INFO - request: scripts : execRocketBotDB : line 6 - - alerta_suplemento_deportivo
2025-03-18 13:42:29.880685 - rocketbot - INFO - request: alerta_suplemento_deportivo : line 1 - rpalogic : trycatch  id: 01554954-fe4a-ec51-b76a-9d02c7d6a19d -  - 
2025-03-18 13:42:29.882120 - rocketbot - INFO - request: alerta_suplemento_deportivo : line 1.1 - rpaexcel : readxlsx  id: 0ea0c559-6839-50ca-57b0-294598e8d70a -  - {"file_path":"C:/Users/Ignacio/RocketbotProjects/main/resources/suplementos_deportivos.xlsx"}
2025-03-18 13:42:32.131003 - rocketbot - INFO - request: alerta_suplemento_deportivo : line 1.2 - rpaexcel : getrows  id: b17b8e03-4bb4-7b02-4298-f82362f7b507 -  - filas
2025-03-18 13:42:32.195679 - rocketbot - INFO - request: alerta_suplemento_deportivo : line 1.3 - rpascripts : module  id: d3f581ca-72b4-1472-7cf4-09066f5252ba -  - {"module_name":"AdvancedExcel","module":"formatCell","sheet_name":"Sheet1","cell_range":"A2:A{filas}","format_":"number_"}
2025-03-18 13:42:32.258700 - rocketbot - INFO - request: alerta_suplemento_deportivo : line 1.4 - rpascripts : module  id: c6e4d2f0-670c-3d8a-6d76-df8c4dafa283 -  - {"module_name":"AdvancedExcel","module":"ReadCells","sheet":"Sheet1","range":"A2:F{filas}","var_":"datos"}
2025-03-18 13:42:32.277955 - rocketbot - INFO - request: alerta_suplemento_deportivo : line 1.5 - rpadatatransform : length  id: 23a9edeb-569a-fa5a-dbfc-567f8ba461f7 -  - {"array_":"{datos}","var_":"items"}
2025-03-18 13:42:32.278982 - rocketbot - INFO - request: alerta_suplemento_deportivo : line 1.6 - rpaexcel : getcell  id: e6e69bba-b54a-4613-91eb-310566a0358d -  - B2:B{filas}
2025-03-18 13:42:32.284506 - rocketbot - INFO - request: alerta_suplemento_deportivo : line 1.7 - rpasystem : setVar  id: 9e7269c9-c02c-e188-c46a-e46a3a280157 -  - list(set({productos_filtrar}))
2025-03-18 13:42:32.285514 - rocketbot - INFO - request: alerta_suplemento_deportivo : line 1.8 - rpasystem : setVar  id: 0de52313-0d0e-c288-e543-9d3b49875561 -  - 0
2025-03-18 13:42:32.285514 - rocketbot - INFO - request: alerta_suplemento_deportivo : line 1.9 - rpalogic : for  id: 8ffad40a-5b75-54bd-b07f-d1473ca745a0 -  - {"iterable":"{productos_filtrar}","count":0}
2025-03-18 13:42:32.286524 - rocketbot - INFO - For count: 0
2025-03-18 13:42:32.286524 - rocketbot - INFO - request: alerta_suplemento_deportivo : line 1.9 - rpalogic : for  id: 8ffad40a-5b75-54bd-b07f-d1473ca745a0 -  - {"iterable":"{productos_filtrar}","count":0}
2025-03-18 13:42:32.287547 - rocketbot - INFO - For count: 1
2025-03-18 13:42:32.288892 - rocketbot - INFO - request: alerta_suplemento_deportivo : line 1.9.1 - rpalogic : evaluateIf  id: c697b352-c80a-a25a-7a5b-b83a972d6dce -  - '{producto}' == 'whey protein'
2025-03-18 13:42:32.289950 - rocketbot - INFO - request: alerta_suplemento_deportivo : line 1.9.1.1 - rpasystem : setVar  id: e6015813-fe68-0819-7924-da2418077389 -  - 30000
2025-03-18 13:42:32.289950 - rocketbot - INFO - request: alerta_suplemento_deportivo : line 1.9.2 - rpalogic : for  id: ca97ef52-e0a4-7b2f-d4ef-a8ac2162119f -  - {"iterable":"range({items})","count":0}
2025-03-18 13:42:32.291335 - rocketbot - INFO - For count: 0
2025-03-18 13:42:32.291335 - rocketbot - INFO - request: alerta_suplemento_deportivo : line 1.9.2 - rpalogic : for  id: ca97ef52-e0a4-7b2f-d4ef-a8ac2162119f -  - {"iterable":"range({items})","count":0}
2025-03-18 13:42:32.292385 - rocketbot - INFO - For count: 1
2025-03-18 13:42:32.292385 - rocketbot - INFO - request: alerta_suplemento_deportivo : line 1.9.2.1 - rpadatatransform : getElement  id: a6540dcd-dfb9-6202-0994-395f4fc4b699 -  - {"array_":"{datos}","position_":"{counter}","var_":"registro_temp"}
2025-03-18 13:42:32.293464 - rocketbot - INFO - request: alerta_suplemento_deportivo : line 1.9.2.2 - rpadatatransform : getElement  id: e3f1e2fc-a34e-cb60-441c-01ba8db6ca16 -  - {"array_":"{registro_temp}","position_":"3","var_":"precio_temp"}
2025-03-18 13:42:32.293464 - rocketbot - INFO - request: alerta_suplemento_deportivo : line 1.9.2.3 - rpadatatransform : getElement  id: 50cdb610-10cb-006f-1f85-5675cec0b874 -  - {"array_":"{registro_temp}","position_":"1","var_":"producto_temp"}
2025-03-18 13:42:32.294802 - rocketbot - INFO - request: alerta_suplemento_deportivo : line 1.9.2.4 - rpalogic : evaluateIf  id: 30a7f292-d034-6e60-abca-9ff914ad136f -  - '{producto}' == '{producto_temp}' and {precio_temp} < {max_precio}
2025-03-18 13:42:32.297965 - rocketbot - INFO - request: alerta_suplemento_deportivo : line 1.9.2 - rpalogic : for  id: ca97ef52-e0a4-7b2f-d4ef-a8ac2162119f -  - {"iterable":"range({items})","count":0}
2025-03-18 13:42:32.297965 - rocketbot - INFO - For count: 2
2025-03-18 13:42:32.298968 - rocketbot - INFO - request: alerta_suplemento_deportivo : line 1.9.2.1 - rpadatatransform : getElement  id: a6540dcd-dfb9-6202-0994-395f4fc4b699 -  - {"array_":"{datos}","position_":"{counter}","var_":"registro_temp"}
2025-03-18 13:42:32.298968 - rocketbot - INFO - request: alerta_suplemento_deportivo : line 1.9.2.2 - rpadatatransform : getElement  id: e3f1e2fc-a34e-cb60-441c-01ba8db6ca16 -  - {"array_":"{registro_temp}","position_":"3","var_":"precio_temp"}
2025-03-18 13:42:32.300203 - rocketbot - INFO - request: alerta_suplemento_deportivo : line 1.9.2.3 - rpadatatransform : getElement  id: 50cdb610-10cb-006f-1f85-5675cec0b874 -  - {"array_":"{registro_temp}","position_":"1","var_":"producto_temp"}
2025-03-18 13:42:32.301343 - rocketbot - INFO - request: alerta_suplemento_deportivo : line 1.9.2.4 - rpalogic : evaluateIf  id: 30a7f292-d034-6e60-abca-9ff914ad136f -  - '{producto}' == '{producto_temp}' and {precio_temp} < {max_precio}
2025-03-18 13:42:32.301343 - rocketbot - INFO - request: alerta_suplemento_deportivo : line 1.9.2 - rpalogic : for  id: ca97ef52-e0a4-7b2f-d4ef-a8ac2162119f -  - {"iterable":"range({items})","count":0}
2025-03-18 13:42:32.301343 - rocketbot - INFO - For count: 3
2025-03-18 13:42:32.302629 - rocketbot - INFO - request: alerta_suplemento_deportivo : line 1.9.2.1 - rpadatatransform : getElement  id: a6540dcd-dfb9-6202-0994-395f4fc4b699 -  - {"array_":"{datos}","position_":"{counter}","var_":"registro_temp"}
2025-03-18 13:42:32.302629 - rocketbot - INFO - request: alerta_suplemento_deportivo : line 1.9.2.2 - rpadatatransform : getElement  id: e3f1e2fc-a34e-cb60-441c-01ba8db6ca16 -  - {"array_":"{registro_temp}","position_":"3","var_":"precio_temp"}
2025-03-18 13:42:32.304679 - rocketbot - INFO - request: alerta_suplemento_deportivo : line 1.9.2.3 - rpadatatransform : getElement  id: 50cdb610-10cb-006f-1f85-5675cec0b874 -  - {"array_":"{registro_temp}","position_":"1","var_":"producto_temp"}
2025-03-18 13:42:32.305997 - rocketbot - INFO - request: alerta_suplemento_deportivo : line 1.9.2.4 - rpalogic : evaluateIf  id: 30a7f292-d034-6e60-abca-9ff914ad136f -  - '{producto}' == '{producto_temp}' and {precio_temp} < {max_precio}
2025-03-18 13:42:32.305997 - rocketbot - INFO - request: alerta_suplemento_deportivo : line 1.9.2 - rpalogic : for  id: ca97ef52-e0a4-7b2f-d4ef-a8ac2162119f -  - {"iterable":"range({items})","count":0}
2025-03-18 13:42:32.307500 - rocketbot - INFO - For count: 4
2025-03-18 13:42:32.308570 - rocketbot - INFO - request: alerta_suplemento_deportivo : line 1.9.2.1 - rpadatatransform : getElement  id: a6540dcd-dfb9-6202-0994-395f4fc4b699 -  - {"array_":"{datos}","position_":"{counter}","var_":"registro_temp"}
2025-03-18 13:42:32.309600 - rocketbot - INFO - request: alerta_suplemento_deportivo : line 1.9.2.2 - rpadatatransform : getElement  id: e3f1e2fc-a34e-cb60-441c-01ba8db6ca16 -  - {"array_":"{registro_temp}","position_":"3","var_":"precio_temp"}
2025-03-18 13:42:32.311852 - rocketbot - INFO - request: alerta_suplemento_deportivo : line 1.9.2.3 - rpadatatransform : getElement  id: 50cdb610-10cb-006f-1f85-5675cec0b874 -  - {"array_":"{registro_temp}","position_":"1","var_":"producto_temp"}
2025-03-18 13:42:32.312855 - rocketbot - INFO - request: alerta_suplemento_deportivo : line 1.9.2.4 - rpalogic : evaluateIf  id: 30a7f292-d034-6e60-abca-9ff914ad136f -  - '{producto}' == '{producto_temp}' and {precio_temp} < {max_precio}
2025-03-18 13:42:32.313863 - rocketbot - INFO - request: alerta_suplemento_deportivo : line 1.9.2 - rpalogic : for  id: ca97ef52-e0a4-7b2f-d4ef-a8ac2162119f -  - {"iterable":"range({items})","count":0}
2025-03-18 13:42:32.313863 - rocketbot - INFO - For count: 5
2025-03-18 13:42:32.313863 - rocketbot - INFO - request: alerta_suplemento_deportivo : line 1.9.2.1 - rpadatatransform : getElement  id: a6540dcd-dfb9-6202-0994-395f4fc4b699 -  - {"array_":"{datos}","position_":"{counter}","var_":"registro_temp"}
2025-03-18 13:42:32.315276 - rocketbot - INFO - request: alerta_suplemento_deportivo : line 1.9.2.2 - rpadatatransform : getElement  id: e3f1e2fc-a34e-cb60-441c-01ba8db6ca16 -  - {"array_":"{registro_temp}","position_":"3","var_":"precio_temp"}
2025-03-18 13:42:32.316303 - rocketbot - INFO - request: alerta_suplemento_deportivo : line 1.9.2.3 - rpadatatransform : getElement  id: 50cdb610-10cb-006f-1f85-5675cec0b874 -  - {"array_":"{registro_temp}","position_":"1","var_":"producto_temp"}
2025-03-18 13:42:32.316303 - rocketbot - INFO - request: alerta_suplemento_deportivo : line 1.9.2.4 - rpalogic : evaluateIf  id: 30a7f292-d034-6e60-abca-9ff914ad136f -  - '{producto}' == '{producto_temp}' and {precio_temp} < {max_precio}
2025-03-18 13:42:32.317322 - rocketbot - INFO - request: alerta_suplemento_deportivo : line 1.9.2 - rpalogic : for  id: ca97ef52-e0a4-7b2f-d4ef-a8ac2162119f -  - {"iterable":"range({items})","count":0}
2025-03-18 13:42:32.317322 - rocketbot - INFO - For count: 6
2025-03-18 13:42:32.318327 - rocketbot - INFO - request: alerta_suplemento_deportivo : line 1.9.2.1 - rpadatatransform : getElement  id: a6540dcd-dfb9-6202-0994-395f4fc4b699 -  - {"array_":"{datos}","position_":"{counter}","var_":"registro_temp"}
2025-03-18 13:42:32.318327 - rocketbot - INFO - request: alerta_suplemento_deportivo : line 1.9.2.2 - rpadatatransform : getElement  id: e3f1e2fc-a34e-cb60-441c-01ba8db6ca16 -  - {"array_":"{registro_temp}","position_":"3","var_":"precio_temp"}
2025-03-18 13:42:32.319569 - rocketbot - INFO - request: alerta_suplemento_deportivo : line 1.9.2.3 - rpadatatransform : getElement  id: 50cdb610-10cb-006f-1f85-5675cec0b874 -  - {"array_":"{registro_temp}","position_":"1","var_":"producto_temp"}
2025-03-18 13:42:32.319569 - rocketbot - INFO - request: alerta_suplemento_deportivo : line 1.9.2.4 - rpalogic : evaluateIf  id: 30a7f292-d034-6e60-abca-9ff914ad136f -  - '{producto}' == '{producto_temp}' and {precio_temp} < {max_precio}
2025-03-18 13:42:32.320998 - rocketbot - INFO - request: alerta_suplemento_deportivo : line 1.9.2 - rpalogic : for  id: ca97ef52-e0a4-7b2f-d4ef-a8ac2162119f -  - {"iterable":"range({items})","count":0}
2025-03-18 13:42:32.322098 - rocketbot - INFO - For count: 7
2025-03-18 13:42:32.322098 - rocketbot - INFO - request: alerta_suplemento_deportivo : line 1.9.2.1 - rpadatatransform : getElement  id: a6540dcd-dfb9-6202-0994-395f4fc4b699 -  - {"array_":"{datos}","position_":"{counter}","var_":"registro_temp"}
2025-03-18 13:42:32.324479 - rocketbot - INFO - request: alerta_suplemento_deportivo : line 1.9.2.2 - rpadatatransform : getElement  id: e3f1e2fc-a34e-cb60-441c-01ba8db6ca16 -  - {"array_":"{registro_temp}","position_":"3","var_":"precio_temp"}
2025-03-18 13:42:32.325482 - rocketbot - INFO - request: alerta_suplemento_deportivo : line 1.9.2.3 - rpadatatransform : getElement  id: 50cdb610-10cb-006f-1f85-5675cec0b874 -  - {"array_":"{registro_temp}","position_":"1","var_":"producto_temp"}
2025-03-18 13:42:32.328611 - rocketbot - INFO - request: alerta_suplemento_deportivo : line 1.9.2.4 - rpalogic : evaluateIf  id: 30a7f292-d034-6e60-abca-9ff914ad136f -  - '{producto}' == '{producto_temp}' and {precio_temp} < {max_precio}
2025-03-18 13:42:32.328611 - rocketbot - INFO - request: alerta_suplemento_deportivo : line 1.9.2.4.1 - rpasystem : setVar  id: bb3b989b-b1a7-ce6e-4161-f318389d49d3 -  - {productos_enviar} + [{registro_temp}]
2025-03-18 13:42:32.329815 - rocketbot - INFO - request: alerta_suplemento_deportivo : line 1.9.2 - rpalogic : for  id: ca97ef52-e0a4-7b2f-d4ef-a8ac2162119f -  - {"iterable":"range({items})","count":0}
2025-03-18 13:42:32.329815 - rocketbot - INFO - For count: 8
2025-03-18 13:42:32.330830 - rocketbot - INFO - request: alerta_suplemento_deportivo : line 1.9.2.1 - rpadatatransform : getElement  id: a6540dcd-dfb9-6202-0994-395f4fc4b699 -  - {"array_":"{datos}","position_":"{counter}","var_":"registro_temp"}
2025-03-18 13:42:32.331874 - rocketbot - INFO - request: alerta_suplemento_deportivo : line 1.9.2.2 - rpadatatransform : getElement  id: e3f1e2fc-a34e-cb60-441c-01ba8db6ca16 -  - {"array_":"{registro_temp}","position_":"3","var_":"precio_temp"}
2025-03-18 13:42:32.332880 - rocketbot - INFO - request: alerta_suplemento_deportivo : line 1.9.2.3 - rpadatatransform : getElement  id: 50cdb610-10cb-006f-1f85-5675cec0b874 -  - {"array_":"{registro_temp}","position_":"1","var_":"producto_temp"}
2025-03-18 13:42:32.332880 - rocketbot - INFO - request: alerta_suplemento_deportivo : line 1.9.2.4 - rpalogic : evaluateIf  id: 30a7f292-d034-6e60-abca-9ff914ad136f -  - '{producto}' == '{producto_temp}' and {precio_temp} < {max_precio}
2025-03-18 13:42:32.333887 - rocketbot - INFO - request: alerta_suplemento_deportivo : line 1.9.2 - rpalogic : for  id: ca97ef52-e0a4-7b2f-d4ef-a8ac2162119f -  - {"iterable":"range({items})","count":0}
2025-03-18 13:42:32.333887 - rocketbot - INFO - For count: 9
2025-03-18 13:42:32.333887 - rocketbot - INFO - request: alerta_suplemento_deportivo : line 1.9.2.1 - rpadatatransform : getElement  id: a6540dcd-dfb9-6202-0994-395f4fc4b699 -  - {"array_":"{datos}","position_":"{counter}","var_":"registro_temp"}
2025-03-18 13:42:32.334893 - rocketbot - INFO - request: alerta_suplemento_deportivo : line 1.9.2.2 - rpadatatransform : getElement  id: e3f1e2fc-a34e-cb60-441c-01ba8db6ca16 -  - {"array_":"{registro_temp}","position_":"3","var_":"precio_temp"}
2025-03-18 13:42:32.335899 - rocketbot - INFO - request: alerta_suplemento_deportivo : line 1.9.2.3 - rpadatatransform : getElement  id: 50cdb610-10cb-006f-1f85-5675cec0b874 -  - {"array_":"{registro_temp}","position_":"1","var_":"producto_temp"}
2025-03-18 13:42:32.335899 - rocketbot - INFO - request: alerta_suplemento_deportivo : line 1.9.2.4 - rpalogic : evaluateIf  id: 30a7f292-d034-6e60-abca-9ff914ad136f -  - '{producto}' == '{producto_temp}' and {precio_temp} < {max_precio}
2025-03-18 13:42:32.336903 - rocketbot - INFO - request: alerta_suplemento_deportivo : line 1.9.2 - rpalogic : for  id: ca97ef52-e0a4-7b2f-d4ef-a8ac2162119f -  - {"iterable":"range({items})","count":0}
2025-03-18 13:42:32.337915 - rocketbot - INFO - For count: 10
2025-03-18 13:42:32.339011 - rocketbot - INFO - request: alerta_suplemento_deportivo : line 1.9.2.1 - rpadatatransform : getElement  id: a6540dcd-dfb9-6202-0994-395f4fc4b699 -  - {"array_":"{datos}","position_":"{counter}","var_":"registro_temp"}
2025-03-18 13:42:32.340481 - rocketbot - INFO - request: alerta_suplemento_deportivo : line 1.9.2.2 - rpadatatransform : getElement  id: e3f1e2fc-a34e-cb60-441c-01ba8db6ca16 -  - {"array_":"{registro_temp}","position_":"3","var_":"precio_temp"}
2025-03-18 13:42:32.341509 - rocketbot - INFO - request: alerta_suplemento_deportivo : line 1.9.2.3 - rpadatatransform : getElement  id: 50cdb610-10cb-006f-1f85-5675cec0b874 -  - {"array_":"{registro_temp}","position_":"1","var_":"producto_temp"}
2025-03-18 13:42:32.344078 - rocketbot - INFO - request: alerta_suplemento_deportivo : line 1.9.2.4 - rpalogic : evaluateIf  id: 30a7f292-d034-6e60-abca-9ff914ad136f -  - '{producto}' == '{producto_temp}' and {precio_temp} < {max_precio}
2025-03-18 13:42:32.344078 - rocketbot - INFO - request: alerta_suplemento_deportivo : line 1.9.2 - rpalogic : for  id: ca97ef52-e0a4-7b2f-d4ef-a8ac2162119f -  - {"iterable":"range({items})","count":0}
2025-03-18 13:42:32.345095 - rocketbot - INFO - For count: 10
2025-03-18 13:42:32.345095 - rocketbot - INFO - request: alerta_suplemento_deportivo : line 1.9 - rpalogic : for  id: 8ffad40a-5b75-54bd-b07f-d1473ca745a0 -  - {"iterable":"{productos_filtrar}","count":0}
2025-03-18 13:42:32.345095 - rocketbot - INFO - For count: 1
2025-03-18 13:42:32.346371 - rocketbot - INFO - request: alerta_suplemento_deportivo : line 1.10 - rpalogic : evaluateIf  id: 4f5a9144-e1ce-7f3f-1c8e-2d4b6380fd63 -  - {productos_enviar}
2025-03-18 13:42:32.346371 - rocketbot - INFO - request: alerta_suplemento_deportivo : line 1.10.1 - rpascripts : module  id: fb04033b-0727-6a1e-4879-47a3adaede8c -  - {"module_name":"gmail_","module":"conf_mail","from":"{usuario_correo}","password":"{password_correo}","var_":"conexion_email"}
2025-03-18 13:42:34.804547 - rocketbot - INFO - request: alerta_suplemento_deportivo : line 1.10.2 - rpalogic : evaluateIf  id: bd6c4815-0b1b-cf20-62ff-f10ed1d7c83e -  - {conexion_email}
2025-03-18 13:42:34.808077 - rocketbot - INFO - request: alerta_suplemento_deportivo : line 1.10.2.1 - rpalogic : for  id: e2d2b1b8-1c81-2492-0dc6-10066507b1ad -  - {"iterable":"{productos_enviar}","count":0}
2025-03-18 13:42:34.810342 - rocketbot - INFO - For count: 0
2025-03-18 13:42:34.810342 - rocketbot - INFO - request: alerta_suplemento_deportivo : line 1.10.2.1 - rpalogic : for  id: e2d2b1b8-1c81-2492-0dc6-10066507b1ad -  - {"iterable":"{productos_enviar}","count":0}
2025-03-18 13:42:34.812709 - rocketbot - INFO - For count: 1
2025-03-18 13:42:34.812709 - rocketbot - INFO - request: alerta_suplemento_deportivo : line 1.10.2.1.1 - rpadatatransform : getElement  id: 028f8679-1247-0392-eae3-1b7077214770 -  - {"array_":"{producto}","position_":"2","var_":"nombre_articulo"}
2025-03-18 13:42:34.815038 - rocketbot - INFO - request: alerta_suplemento_deportivo : line 1.10.2.1.2 - rpadatatransform : getElement  id: 0e069408-892e-367e-ba3c-7c2fc1d7e553 -  - {"array_":"{producto}","position_":"3","var_":"precio_articulo"}
2025-03-18 13:42:34.816152 - rocketbot - INFO - request: alerta_suplemento_deportivo : line 1.10.2.1.3 - rpadatatransform : getElement  id: 7cd774bd-345b-953b-b46a-f9c534001da8 -  - {"array_":"{producto}","position_":"4","var_":"descuento_articulo"}
2025-03-18 13:42:34.816152 - rocketbot - INFO - request: alerta_suplemento_deportivo : line 1.10.2.1.4 - rpadatatransform : getElement  id: 3b5df5fb-46e6-3aa1-590b-43de751aff67 -  - {"array_":"{producto}","position_":"5","var_":"link_articulo"}
2025-03-18 13:42:34.817155 - rocketbot - INFO - request: alerta_suplemento_deportivo : line 1.10.2.1.5 - rpascripts : module  id: 3017f400-d3f6-6252-2a06-43d4e53cbe47 -  - {"module_name":"gmail_","module":"send_mail","to":"{usuario_correo}","subject":"¡Grandes ofertas para ti!","body":"Hola!<br>\n\nHemos encontrado este artículo que podría interesarte:\n\n<h3><a href=\"{link_articulo}\" target=\"_self\">{nombre_articulo}</a></h3>\n\nPrecio: {precio_articulo}<br>\nDescuento: {descuento_articulo}"}
2025-03-18 13:42:37.530127 - rocketbot - INFO - request: alerta_suplemento_deportivo : line 1.10.2.1 - rpalogic : for  id: e2d2b1b8-1c81-2492-0dc6-10066507b1ad -  - {"iterable":"{productos_enviar}","count":0}
2025-03-18 13:42:37.531143 - rocketbot - INFO - For count: 2
2025-03-18 13:42:37.533154 - rocketbot - INFO - request: alerta_suplemento_deportivo : line 1.10.2.1.1 - rpadatatransform : getElement  id: 028f8679-1247-0392-eae3-1b7077214770 -  - {"array_":"{producto}","position_":"2","var_":"nombre_articulo"}
2025-03-18 13:42:37.534156 - rocketbot - INFO - request: alerta_suplemento_deportivo : line 1.10.2.1.2 - rpadatatransform : getElement  id: 0e069408-892e-367e-ba3c-7c2fc1d7e553 -  - {"array_":"{producto}","position_":"3","var_":"precio_articulo"}
2025-03-18 13:42:37.535148 - rocketbot - INFO - request: alerta_suplemento_deportivo : line 1.10.2.1.3 - rpadatatransform : getElement  id: 7cd774bd-345b-953b-b46a-f9c534001da8 -  - {"array_":"{producto}","position_":"4","var_":"descuento_articulo"}
2025-03-18 13:42:37.536144 - rocketbot - INFO - request: alerta_suplemento_deportivo : line 1.10.2.1.4 - rpadatatransform : getElement  id: 3b5df5fb-46e6-3aa1-590b-43de751aff67 -  - {"array_":"{producto}","position_":"5","var_":"link_articulo"}
2025-03-18 13:42:37.538137 - rocketbot - INFO - request: alerta_suplemento_deportivo : line 1.10.2.1.5 - rpascripts : module  id: 3017f400-d3f6-6252-2a06-43d4e53cbe47 -  - {"module_name":"gmail_","module":"send_mail","to":"{usuario_correo}","subject":"¡Grandes ofertas para ti!","body":"Hola!<br>\n\nHemos encontrado este artículo que podría interesarte:\n\n<h3><a href=\"{link_articulo}\" target=\"_self\">{nombre_articulo}</a></h3>\n\nPrecio: {precio_articulo}<br>\nDescuento: {descuento_articulo}"}
2025-03-18 13:42:40.071472 - rocketbot - INFO - request: alerta_suplemento_deportivo : line 1.10.2.1 - rpalogic : for  id: e2d2b1b8-1c81-2492-0dc6-10066507b1ad -  - {"iterable":"{productos_enviar}","count":0}
2025-03-18 13:42:40.072774 - rocketbot - INFO - For count: 2
